c:\users\thiago\documents\github\jogotecnicasprograma-o\savethesoldier\savethesoldier\debug\vc141.pdb
c:\users\thiago\documents\github\jogotecnicasprograma-o\savethesoldier\savethesoldier\debug\vc141.idb
c:\users\thiago\documents\github\jogotecnicasprograma-o\savethesoldier\savethesoldier\debug\savethesoldier.pch
c:\users\thiago\documents\github\jogotecnicasprograma-o\savethesoldier\savethesoldier\debug\stdafx.obj
c:\users\thiago\documents\github\jogotecnicasprograma-o\savethesoldier\savethesoldier\debug\cidade.obj
c:\users\thiago\documents\github\jogotecnicasprograma-o\savethesoldier\savethesoldier\debug\entidade.obj
c:\users\thiago\documents\github\jogotecnicasprograma-o\savethesoldier\savethesoldier\debug\fase.obj
c:\users\thiago\documents\github\jogotecnicasprograma-o\savethesoldier\savethesoldier\debug\granadainstavel.obj
c:\users\thiago\documents\github\jogotecnicasprograma-o\savethesoldier\savethesoldier\debug\inimigo.obj
c:\users\thiago\documents\github\jogotecnicasprograma-o\savethesoldier\savethesoldier\debug\jogador1.obj
c:\users\thiago\documents\github\jogotecnicasprograma-o\savethesoldier\savethesoldier\debug\jogador2.obj
c:\users\thiago\documents\github\jogotecnicasprograma-o\savethesoldier\savethesoldier\debug\lista_elementos.obj
c:\users\thiago\documents\github\jogotecnicasprograma-o\savethesoldier\savethesoldier\debug\lixotoxico.obj
c:\users\thiago\documents\github\jogotecnicasprograma-o\savethesoldier\savethesoldier\debug\menu.obj
c:\users\thiago\documents\github\jogotecnicasprograma-o\savethesoldier\savethesoldier\debug\obstaculo.obj
c:\users\thiago\documents\github\jogotecnicasprograma-o\savethesoldier\savethesoldier\debug\personagem.obj
c:\users\thiago\documents\github\jogotecnicasprograma-o\savethesoldier\savethesoldier\debug\player.obj
c:\users\thiago\documents\github\jogotecnicasprograma-o\savethesoldier\savethesoldier\debug\principal.obj
c:\users\thiago\documents\github\jogotecnicasprograma-o\savethesoldier\savethesoldier\debug\prisioneiro.obj
c:\users\thiago\documents\github\jogotecnicasprograma-o\savethesoldier\savethesoldier\debug\progressao.obj
c:\users\thiago\documents\github\jogotecnicasprograma-o\savethesoldier\savethesoldier\debug\ranking.obj
c:\users\thiago\documents\github\jogotecnicasprograma-o\savethesoldier\savethesoldier\debug\riflesoldier.obj
c:\users\thiago\documents\github\jogotecnicasprograma-o\savethesoldier\savethesoldier\debug\savethesoldier.obj
c:\users\thiago\documents\github\jogotecnicasprograma-o\savethesoldier\savethesoldier\debug\tiro.obj
c:\users\thiago\documents\github\jogotecnicasprograma-o\savethesoldier\savethesoldier\debug\background.obj
c:\users\thiago\documents\github\jogotecnicasprograma-o\savethesoldier\savethesoldier\debug\basesecreta.obj
c:\users\thiago\documents\github\jogotecnicasprograma-o\savethesoldier\savethesoldier\debug\bazookasoldier.obj
c:\users\thiago\documents\github\jogotecnicasprograma-o\savethesoldier\savethesoldier\debug\caixa.obj
c:\users\thiago\documents\github\jogotecnicasprograma-o\savethesoldier\savethesoldier\debug\chefe.obj
c:\users\thiago\documents\github\jogotecnicasprograma-o\savethesoldier\debug\savethesoldier.ilk
c:\users\thiago\documents\github\jogotecnicasprograma-o\savethesoldier\debug\savethesoldier.exe
c:\users\thiago\documents\github\jogotecnicasprograma-o\savethesoldier\debug\savethesoldier.pdb
c:\users\thiago\documents\github\jogotecnicasprograma-o\savethesoldier\savethesoldier\debug\savethesoldier.tlog\cl.command.1.tlog
c:\users\thiago\documents\github\jogotecnicasprograma-o\savethesoldier\savethesoldier\debug\savethesoldier.tlog\cl.read.1.tlog
c:\users\thiago\documents\github\jogotecnicasprograma-o\savethesoldier\savethesoldier\debug\savethesoldier.tlog\cl.write.1.tlog
c:\users\thiago\documents\github\jogotecnicasprograma-o\savethesoldier\savethesoldier\debug\savethesoldier.tlog\link.command.1.tlog
c:\users\thiago\documents\github\jogotecnicasprograma-o\savethesoldier\savethesoldier\debug\savethesoldier.tlog\link.read.1.tlog
c:\users\thiago\documents\github\jogotecnicasprograma-o\savethesoldier\savethesoldier\debug\savethesoldier.tlog\link.write.1.tlog
